{"C:\\Users\\PC-User\\Desktop\\JS\\react\\pokemonsDesk\\src\\config\\index.tsx": {"path":"C:\\Users\\PC-User\\Desktop\\JS\\react\\pokemonsDesk\\src\\config\\index.tsx","statementMap":{"0":{"start":{"line":1,"column":13},"end":{"line":22,"column":null}},"1":{"start":{"line":24,"column":0},"end":{"line":24,"column":null}}},"fnMap":{},"branchMap":{},"s":{"0":1,"1":1},"f":{},"b":{}}
,"C:\\Users\\PC-User\\Desktop\\JS\\react\\pokemonsDesk\\src\\utils\\getUrlWithParamsConfig.ts": {"path":"C:\\Users\\PC-User\\Desktop\\JS\\react\\pokemonsDesk\\src\\utils\\getUrlWithParamsConfig.ts","statementMap":{"0":{"start":{"line":1,"column":0},"end":{"line":1,"column":30}},"1":{"start":{"line":19,"column":39},"end":{"line":19,"column":116}},"2":{"start":{"line":19,"column":18},"end":{"line":19,"column":20}},"3":{"start":{"line":19,"column":23},"end":{"line":19,"column":39}},"4":{"start":{"line":20,"column":15},"end":{"line":20,"column":17}},"5":{"start":{"line":22,"column":22},"end":{"line":26,"column":null}},"6":{"start":{"line":30,"column":15},"end":{"line":31,"column":null}},"7":{"start":{"line":37,"column":13},"end":{"line":40,"column":null}},"8":{"start":{"line":42,"column":25},"end":{"line":49,"column":33}},"9":{"start":{"line":43,"column":12},"end":{"line":47,"column":null}},"10":{"start":{"line":44,"column":31},"end":{"line":44,"column":88}},"11":{"start":{"line":45,"column":16},"end":{"line":45,"column":56}},"12":{"start":{"line":46,"column":16},"end":{"line":46,"column":null}},"13":{"start":{"line":48,"column":12},"end":{"line":48,"column":null}},"14":{"start":{"line":51,"column":8},"end":{"line":51,"column":41}},"15":{"start":{"line":53,"column":8},"end":{"line":60,"column":null}},"16":{"start":{"line":54,"column":12},"end":{"line":57,"column":null}},"17":{"start":{"line":59,"column":12},"end":{"line":59,"column":null}},"18":{"start":{"line":62,"column":4},"end":{"line":66,"column":6}},"19":{"start":{"line":71,"column":0},"end":{"line":71,"column":null}}},"fnMap":{"0":{"name":"getUrlWithParamsConfig","decl":{"start":{"line":18,"column":9},"end":{"line":18,"column":31}},"loc":{"start":{"line":18,"column":70},"end":{"line":67,"column":1}}},"1":{"name":"(anonymous_4)","decl":{"start":{"line":42,"column":51},"end":{"line":42,"column":52}},"loc":{"start":{"line":42,"column":60},"end":{"line":49,"column":9}}}},"branchMap":{"0":{"loc":{"start":{"line":43,"column":12},"end":{"line":47,"column":null}},"type":"if","locations":[{"start":{"line":43,"column":12},"end":{"line":47,"column":null}},{"start":{"line":43,"column":12},"end":{"line":47,"column":null}}]},"1":{"loc":{"start":{"line":53,"column":8},"end":{"line":60,"column":null}},"type":"if","locations":[{"start":{"line":53,"column":8},"end":{"line":60,"column":null}},{"start":{"line":53,"column":8},"end":{"line":60,"column":null}}]}},"s":{"0":1,"1":3,"2":3,"3":3,"4":3,"5":3,"6":3,"7":3,"8":3,"9":2,"10":1,"11":1,"12":1,"13":1,"14":3,"15":3,"16":3,"17":0,"18":3,"19":1},"f":{"0":3,"1":2},"b":{"0":[1,1],"1":[3,0]}}
}
